Build started 3/5/2016 10:17:14 AM.
     1>Project "C:\Projects\Visual Studio Projects\Final\Final\Final.vcxproj" on node 2 (Build target(s)).
     1>ClCompile:
         C:\IDE\Visual Studio 2013\VC\bin\CL.exe /c /Zi /nologo /W3 /WX- /sdl- /O2 /Oi /Oy- /GL /D WIN32 /D NDEBUG /D _CONSOLE /D _LIB /D _UNICODE /D UNICODE /Gm- /EHsc /MD /GS /Gy /fp:precise /Zc:wchar_t /Zc:forScope /Fo"Release\\" /Fd"Release\vc120.pdb" /Gd /TP /analyze- /errorReport:prompt gamelogic.cpp
         gamelogic.cpp
     1>gamelogic.cpp(80): warning C4996: 'fopen': This function or variable may be unsafe. Consider using fopen_s instead. To disable deprecation, use _CRT_SECURE_NO_WARNINGS. See online help for details.
                 C:\IDE\Visual Studio 2013\VC\include\stdio.h(211) : see declaration of 'fopen'
     1>gamelogic.cpp(108): warning C4996: 'strcpy': This function or variable may be unsafe. Consider using strcpy_s instead. To disable deprecation, use _CRT_SECURE_NO_WARNINGS. See online help for details.
                 C:\IDE\Visual Studio 2013\VC\include\string.h(112) : see declaration of 'strcpy'
     1>gamelogic.cpp(152): warning C4996: 'strcpy': This function or variable may be unsafe. Consider using strcpy_s instead. To disable deprecation, use _CRT_SECURE_NO_WARNINGS. See online help for details.
                 C:\IDE\Visual Studio 2013\VC\include\string.h(112) : see declaration of 'strcpy'
     1>gamelogic.cpp(185): warning C4996: 'fopen': This function or variable may be unsafe. Consider using fopen_s instead. To disable deprecation, use _CRT_SECURE_NO_WARNINGS. See online help for details.
                 C:\IDE\Visual Studio 2013\VC\include\stdio.h(211) : see declaration of 'fopen'
     1>gamelogic.cpp(204): warning C4996: 'strcpy': This function or variable may be unsafe. Consider using strcpy_s instead. To disable deprecation, use _CRT_SECURE_NO_WARNINGS. See online help for details.
                 C:\IDE\Visual Studio 2013\VC\include\string.h(112) : see declaration of 'strcpy'
       Link:
         C:\IDE\Visual Studio 2013\VC\bin\link.exe /ERRORREPORT:PROMPT /OUT:"C:\Projects\Visual Studio Projects\Final\Release\Final.exe" /INCREMENTAL:NO /NOLOGO kernel32.lib user32.lib gdi32.lib winspool.lib comdlg32.lib advapi32.lib shell32.lib ole32.lib oleaut32.lib uuid.lib odbc32.lib odbccp32.lib /MANIFEST /MANIFESTUAC:"level='asInvoker' uiAccess='false'" /manifest:embed /DEBUG /PDB:"C:\Projects\Visual Studio Projects\Final\Release\Final.pdb" /SUBSYSTEM:CONSOLE /OPT:REF /OPT:ICF /LTCG /TLBID:1 /DYNAMICBASE /NXCOMPAT /IMPLIB:"C:\Projects\Visual Studio Projects\Final\Release\Final.lib" /MACHINE:X86 /SAFESEH Release\client.obj
         Release\game.obj
         Release\gamelogic.obj
         Release\server.obj
         Generating code
         Finished generating code
         Final.vcxproj -> C:\Projects\Visual Studio Projects\Final\Release\Final.exe
     1>Done Building Project "C:\Projects\Visual Studio Projects\Final\Final\Final.vcxproj" (Build target(s)).

Build succeeded.

Time Elapsed 00:00:02.04
